HOST=localhost
PORT=4007
NODE_ENV=development
APP_URL=http://${HOST}:${PORT}
LOCAL_API_URL=http://${HOST}:${PORT}/api
API_URL=http://${HOST}:${PORT}/api
CACHE_VIEWS=false
APP_KEY=bHoISGd5eXOB54dXKiXGKvOud1gu0FIx
ROOT_DIR_FILES='C:/tmp'


DB_CONNECTION=oracle
#DB_HOST=192.168.1.195
#DB_HOST=115.79.219.196
DB_HOST=192.168.1.205
#DB_PORT=1521
#DB_PORT=1551
#DB_PORT=1521
#DB_USER=FNF
#DB_PASSWORD=sW-FnF-2023
#DB_USER=zinus
#DB_PASSWORD=Zinus-Sw2023-Fnf
#DB_USER=SWPROD_TEST
#DB_PASSWORD=SWPROD_TEST2
#DB_DATABASE=SWERP
#DB_DATABASE=SWDEV
DB_PORT=1521
DB_USER=swprod
DB_PASSWORD=SwProd-2023-NodeJS
DB_DATABASE=SWPROD
HAS_SURVEY=true
SESSION_DRIVER=cookie
HASH_DRIVER=bcrypt
APP_NAME = 'ERP-SW-TEST'
APP_LOCALE = vi 
ACTION_LOG=true
SESSION_TIMEOUT = 60
CACHE_EXPIRE = 60
SSO_KEY=didsvTHB6jUJHGUG
FB_CLIENT_ID = 438859003442646
FB_CLIENT_SECRET = c7bd7160ff93037d909adea48d7862fe
    LICENSE_KEY=U2FsdGVkX19yz2e9cGeCV01tPvOsliXejuFyQ0QH/MMvmVWdul5i8sW+rOVSv1cu
#U2FsdGVkX19sP4xGgTJcV0Sx5H+7cllNe/sqPYsGy8HAKkfNzb0iHwK4cTYt5ZOt
#U2FsdGVkX1/UFwsyJWlIyqnjILv/KVyE9YwFI2Wmn2qIgO4m0UPlkAUlNiqadB2H
#LICENSE_KEY=U2FsdGVkX18WVkKKmHRXQ294A4KuX21eSqh6AdN0CHYm7/vpde09eDpD62rb4829
STMT_CACHE_SIZE=20
DATABASE_URL="https://genuwin-visitor-default-rtdb.asia-southeast1.firebasedatabase.app"